{"/Users/fabricioflores/Development/contacts/config/blueprints.js":{"path":"/Users/fabricioflores/Development/contacts/config/blueprints.js","s":{"1":1},"b":{},"f":{},"fnMap":{},"statementMap":{"1":{"start":{"line":12,"column":0},"end":{"line":41,"column":2}}},"branchMap":{}},"/Users/fabricioflores/Development/contacts/config/custom.js":{"path":"/Users/fabricioflores/Development/contacts/config/custom.js","s":{"1":1},"b":{},"f":{},"fnMap":{},"statementMap":{"1":{"start":{"line":11,"column":0},"end":{"line":23,"column":2}}},"branchMap":{}},"/Users/fabricioflores/Development/contacts/config/datastores.js":{"path":"/Users/fabricioflores/Development/contacts/config/datastores.js","s":{"1":1},"b":{},"f":{},"fnMap":{},"statementMap":{"1":{"start":{"line":16,"column":0},"end":{"line":57,"column":2}}},"branchMap":{}},"/Users/fabricioflores/Development/contacts/config/globals.js":{"path":"/Users/fabricioflores/Development/contacts/config/globals.js","s":{"1":1},"b":{},"f":{},"fnMap":{},"statementMap":{"1":{"start":{"line":12,"column":0},"end":{"line":52,"column":2}}},"branchMap":{}},"/Users/fabricioflores/Development/contacts/config/http.js":{"path":"/Users/fabricioflores/Development/contacts/config/http.js","s":{"1":1},"b":{},"f":{},"fnMap":{},"statementMap":{"1":{"start":{"line":12,"column":0},"end":{"line":60,"column":2}}},"branchMap":{}},"/Users/fabricioflores/Development/contacts/config/i18n.js":{"path":"/Users/fabricioflores/Development/contacts/config/i18n.js","s":{"1":1},"b":{},"f":{},"fnMap":{},"statementMap":{"1":{"start":{"line":15,"column":0},"end":{"line":45,"column":2}}},"branchMap":{}},"/Users/fabricioflores/Development/contacts/config/log.js":{"path":"/Users/fabricioflores/Development/contacts/config/log.js","s":{"1":1},"b":{},"f":{},"fnMap":{},"statementMap":{"1":{"start":{"line":13,"column":0},"end":{"line":29,"column":2}}},"branchMap":{}},"/Users/fabricioflores/Development/contacts/config/models.js":{"path":"/Users/fabricioflores/Development/contacts/config/models.js","s":{"1":1},"b":{},"f":{},"fnMap":{},"statementMap":{"1":{"start":{"line":16,"column":0},"end":{"line":124,"column":2}}},"branchMap":{}},"/Users/fabricioflores/Development/contacts/config/policies.js":{"path":"/Users/fabricioflores/Development/contacts/config/policies.js","s":{"1":1},"b":{},"f":{},"fnMap":{},"statementMap":{"1":{"start":{"line":11,"column":0},"end":{"line":22,"column":2}}},"branchMap":{}},"/Users/fabricioflores/Development/contacts/config/routes.js":{"path":"/Users/fabricioflores/Development/contacts/config/routes.js","s":{"1":1},"b":{},"f":{},"fnMap":{},"statementMap":{"1":{"start":{"line":11,"column":0},"end":{"line":59,"column":2}}},"branchMap":{}},"/Users/fabricioflores/Development/contacts/config/security.js":{"path":"/Users/fabricioflores/Development/contacts/config/security.js","s":{"1":1},"b":{},"f":{},"fnMap":{},"statementMap":{"1":{"start":{"line":16,"column":0},"end":{"line":54,"column":2}}},"branchMap":{}},"/Users/fabricioflores/Development/contacts/config/session.js":{"path":"/Users/fabricioflores/Development/contacts/config/session.js","s":{"1":1},"b":{},"f":{},"fnMap":{},"statementMap":{"1":{"start":{"line":12,"column":0},"end":{"line":39,"column":2}}},"branchMap":{}},"/Users/fabricioflores/Development/contacts/config/sockets.js":{"path":"/Users/fabricioflores/Development/contacts/config/sockets.js","s":{"1":1},"b":{},"f":{},"fnMap":{},"statementMap":{"1":{"start":{"line":12,"column":0},"end":{"line":82,"column":2}}},"branchMap":{}},"/Users/fabricioflores/Development/contacts/config/views.js":{"path":"/Users/fabricioflores/Development/contacts/config/views.js","s":{"1":1},"b":{},"f":{},"fnMap":{},"statementMap":{"1":{"start":{"line":17,"column":0},"end":{"line":41,"column":2}}},"branchMap":{}},"/Users/fabricioflores/Development/contacts/config/local.js":{"path":"/Users/fabricioflores/Development/contacts/config/local.js","s":{"1":1},"b":{},"f":{},"fnMap":{},"statementMap":{"1":{"start":{"line":11,"column":0},"end":{"line":16,"column":2}}},"branchMap":{}}}